FILE_TYPE=LIBRARY_PARTS;
PRIMITIVE 'TPSC156K035R0350','TPSC156K035R0350_Other';
  PIN
    'C1':
      PIN_NUMBER='(1)';
      NO_LOAD_CHECK=BOTH;
      NO_IO_CHECK=BOTH;
      ALLOW_CONNECT=TRUE;
      PINUSE='UNSPEC';
    'C2':
      PIN_NUMBER='(2)';
      NO_LOAD_CHECK=BOTH;
      NO_IO_CHECK=BOTH;
      ALLOW_CONNECT=TRUE;
      PINUSE='UNSPEC';
  END_PIN;
  BODY
    PART_NAME='TPSC156K035R0350';
    PHYS_DES_PREFIX='C';
    NO_LOAD_CHECK='TRUE';
    PIN_COUNT='2';
    BODY_NAME='TPSC156K035R0350';
    JEDEC_TYPE='CAPCP6032X280N';
  END_BODY;
END_PRIMITIVE;
END.
