FILE_TYPE=LIBRARY_PARTS;
PRIMITIVE 'CFS_20632768HZFB','CFS_20632768HZFB_Other';
  PIN
    'CRYSTAL_2':
      PIN_NUMBER='(2)';
      NO_LOAD_CHECK=BOTH;
      NO_IO_CHECK=BOTH;
      ALLOW_CONNECT=TRUE;
      PINUSE='UNSPEC';
    '':
      PIN_NUMBER='()';
      NO_LOAD_CHECK=BOTH;
      NO_IO_CHECK=BOTH;
      ALLOW_CONNECT=TRUE;
      PINUSE='UNSPEC';
  END_PIN;
  BODY
    PART_NAME='CFS_20632768HZFB';
    PHYS_DES_PREFIX='Y';
    NO_LOAD_CHECK='TRUE';
    PIN_COUNT='2';
    BODY_NAME='CFS_20632768HZFB';
    JEDEC_TYPE='CFS20632768HZFB';
  END_BODY;
END_PRIMITIVE;
END.
